This is pdfTeX, Version 3.14159265-2.6-1.40.19 (TeX Live 2018/Arch Linux) (preloaded format=pdflatex 2019.3.7)  13 MAR 2019 10:02
entering extended mode
 restricted \write18 enabled.
 %&-line parsing enabled.
**fsg.tex
(./fsg.tex
LaTeX2e <2018-12-01>
(/usr/share/texmf-dist/tex/latex/amscls/amsart.cls
Document Class: amsart 2017/10/31 v2.20.4
\linespacing=\dimen102
\normalparindent=\dimen103
\normaltopskip=\skip41
(/usr/share/texmf-dist/tex/latex/amsmath/amsmath.sty
Package: amsmath 2018/12/01 v2.17b AMS math features
\@mathmargin=\skip42

For additional information on amsmath, use the `?' option.
(/usr/share/texmf-dist/tex/latex/amsmath/amstext.sty
Package: amstext 2000/06/29 v2.01 AMS text

(/usr/share/texmf-dist/tex/latex/amsmath/amsgen.sty
File: amsgen.sty 1999/11/30 v2.0 generic functions
\@emptytoks=\toks14
\ex@=\dimen104
))
(/usr/share/texmf-dist/tex/latex/amsmath/amsbsy.sty
Package: amsbsy 1999/11/29 v1.2d Bold Symbols
\pmbraise@=\dimen105
)
(/usr/share/texmf-dist/tex/latex/amsmath/amsopn.sty
Package: amsopn 2016/03/08 v2.02 operator names
)
\inf@bad=\count80
LaTeX Info: Redefining \frac on input line 223.
\uproot@=\count81
\leftroot@=\count82
LaTeX Info: Redefining \overline on input line 385.
\classnum@=\count83
\DOTSCASE@=\count84
LaTeX Info: Redefining \ldots on input line 482.
LaTeX Info: Redefining \dots on input line 485.
LaTeX Info: Redefining \cdots on input line 606.
\Mathstrutbox@=\box27
\strutbox@=\box28
\big@size=\dimen106
LaTeX Font Info:    Redeclaring font encoding OML on input line 729.
LaTeX Font Info:    Redeclaring font encoding OMS on input line 730.
\macc@depth=\count85
\c@MaxMatrixCols=\count86
\dotsspace@=\muskip10
\c@parentequation=\count87
\dspbrk@lvl=\count88
\tag@help=\toks15
\row@=\count89
\column@=\count90
\maxfields@=\count91
\andhelp@=\toks16
\eqnshift@=\dimen107
\alignsep@=\dimen108
\tagshift@=\dimen109
\tagwidth@=\dimen110
\totwidth@=\dimen111
\lineht@=\dimen112
\@envbody=\toks17
\multlinegap=\skip43
\multlinetaggap=\skip44
\mathdisplay@stack=\toks18
LaTeX Info: Redefining \[ on input line 2844.
LaTeX Info: Redefining \] on input line 2845.
)
LaTeX Font Info:    Try loading font information for U+msa on input line 398.

(/usr/share/texmf-dist/tex/latex/amsfonts/umsa.fd
File: umsa.fd 2013/01/14 v3.01 AMS symbols A
)
(/usr/share/texmf-dist/tex/latex/amsfonts/amsfonts.sty
Package: amsfonts 2013/01/14 v3.01 Basic AMSFonts support
\symAMSa=\mathgroup4
\symAMSb=\mathgroup5
LaTeX Font Info:    Overwriting math alphabet `\mathfrak' in version `bold'
(Font)                  U/euf/m/n --> U/euf/b/n on input line 106.
)
\copyins=\insert199
\abstractbox=\box29
\listisep=\skip45
\c@part=\count92
\c@section=\count93
\c@subsection=\count94
\c@subsubsection=\count95
\c@paragraph=\count96
\c@subparagraph=\count97
\c@figure=\count98
\c@table=\count99
\abovecaptionskip=\skip46
\belowcaptionskip=\skip47
\captionindent=\dimen113
\thm@style=\toks19
\thm@bodyfont=\toks20
\thm@headfont=\toks21
\thm@notefont=\toks22
\thm@headpunct=\toks23
\thm@preskip=\skip48
\thm@postskip=\skip49
\thm@headsep=\skip50
\dth@everypar=\toks24
)
(/usr/share/texmf-dist/tex/latex/geometry/geometry.sty
Package: geometry 2018/04/16 v5.8 Page Geometry

(/usr/share/texmf-dist/tex/latex/graphics/keyval.sty
Package: keyval 2014/10/28 v1.15 key=value parser (DPC)
\KV@toks@=\toks25
)
(/usr/share/texmf-dist/tex/generic/oberdiek/ifpdf.sty
Package: ifpdf 2018/09/07 v3.3 Provides the ifpdf switch
)
(/usr/share/texmf-dist/tex/generic/oberdiek/ifvtex.sty
Package: ifvtex 2016/05/16 v1.6 Detect VTeX and its facilities (HO)
Package ifvtex Info: VTeX not detected.
)
(/usr/share/texmf-dist/tex/generic/ifxetex/ifxetex.sty
Package: ifxetex 2010/09/12 v0.6 Provides ifxetex conditional
)
\Gm@cnth=\count100
\Gm@cntv=\count101
\c@Gm@tempcnt=\count102
\Gm@bindingoffset=\dimen114
\Gm@wd@mp=\dimen115
\Gm@odd@mp=\dimen116
\Gm@even@mp=\dimen117
\Gm@layoutwidth=\dimen118
\Gm@layoutheight=\dimen119
\Gm@layouthoffset=\dimen120
\Gm@layoutvoffset=\dimen121
\Gm@dimlist=\toks26
)
(/usr/share/texmf-dist/tex/latex/graphics/graphicx.sty
Package: graphicx 2017/06/01 v1.1a Enhanced LaTeX Graphics (DPC,SPQR)

(/usr/share/texmf-dist/tex/latex/graphics/graphics.sty
Package: graphics 2017/06/25 v1.2c Standard LaTeX Graphics (DPC,SPQR)

(/usr/share/texmf-dist/tex/latex/graphics/trig.sty
Package: trig 2016/01/03 v1.10 sin cos tan (DPC)
)
(/usr/share/texmf-dist/tex/latex/graphics-cfg/graphics.cfg
File: graphics.cfg 2016/06/04 v1.11 sample graphics configuration
)
Package graphics Info: Driver file: pdftex.def on input line 99.

(/usr/share/texmf-dist/tex/latex/graphics-def/pdftex.def
File: pdftex.def 2018/01/08 v1.0l Graphics/color driver for pdftex
))
\Gin@req@height=\dimen122
\Gin@req@width=\dimen123
)
(/usr/share/texmf-dist/tex/latex/url/url.sty
\Urlmuskip=\muskip11
Package: url 2013/09/16  ver 3.4  Verb mode for urls, etc.
)
(/usr/share/texmf-dist/tex/latex/amsfonts/amssymb.sty
Package: amssymb 2013/01/14 v3.01 AMS font symbols
)
(/usr/share/texmf-dist/tex/latex/fancyhdr/fancyhdr.sty
Package: fancyhdr 2019/01/31 v3.10 Extensive control of page headers and footer
s
\f@nch@headwidth=\skip51
\f@nch@O@elh=\skip52
\f@nch@O@erh=\skip53
\f@nch@O@olh=\skip54
\f@nch@O@orh=\skip55
\f@nch@O@elf=\skip56
\f@nch@O@erf=\skip57
\f@nch@O@olf=\skip58
\f@nch@O@orf=\skip59
)
\c@theorem=\count103
\c@lemma=\count104
\c@example=\count105
\c@definition=\count106

No file fsg.aux.
\openout1 = `fsg.aux'.

LaTeX Font Info:    Checking defaults for OML/cmm/m/it on input line 39.
LaTeX Font Info:    ... okay on input line 39.
LaTeX Font Info:    Checking defaults for T1/cmr/m/n on input line 39.
LaTeX Font Info:    ... okay on input line 39.
LaTeX Font Info:    Checking defaults for OT1/cmr/m/n on input line 39.
LaTeX Font Info:    ... okay on input line 39.
LaTeX Font Info:    Checking defaults for OMS/cmsy/m/n on input line 39.
LaTeX Font Info:    ... okay on input line 39.
LaTeX Font Info:    Checking defaults for OMX/cmex/m/n on input line 39.
LaTeX Font Info:    ... okay on input line 39.
LaTeX Font Info:    Checking defaults for U/cmr/m/n on input line 39.
LaTeX Font Info:    ... okay on input line 39.
LaTeX Font Info:    Try loading font information for U+msa on input line 39.
(/usr/share/texmf-dist/tex/latex/amsfonts/umsa.fd
File: umsa.fd 2013/01/14 v3.01 AMS symbols A
)
LaTeX Font Info:    Try loading font information for U+msb on input line 39.

(/usr/share/texmf-dist/tex/latex/amsfonts/umsb.fd
File: umsb.fd 2013/01/14 v3.01 AMS symbols B
)
*geometry* driver: auto-detecting
*geometry* detected driver: pdftex
*geometry* verbose mode - [ preamble ] result:
* driver: pdftex
* paper: letterpaper
* layout: <same size as paper>
* layoutoffset:(h,v)=(0.0pt,0.0pt)
* modes: twoside 
* h-part:(L,W,R)=(73.71613pt, 430.00462pt, 110.57425pt)
* v-part:(T,H,B)=(95.39737pt, 556.47656pt, 143.09605pt)
* \paperwidth=614.295pt
* \paperheight=794.96999pt
* \textwidth=430.00462pt
* \textheight=556.47656pt
* \oddsidemargin=1.44614pt
* \evensidemargin=38.30426pt
* \topmargin=1.12738pt
* \headheight=15.2pt
* \headsep=14.0pt
* \topskip=10.0pt
* \footskip=12.0pt
* \marginparwidth=90.0pt
* \marginparsep=11.0pt
* \columnsep=10.0pt
* \skip\footins=7.0pt plus 11.0pt
* \hoffset=0.0pt
* \voffset=0.0pt
* \mag=1000
* \@twocolumnfalse
* \@twosidetrue
* \@mparswitchtrue
* \@reversemarginfalse
* (1in=72.27pt=25.4mm, 1cm=28.453pt)

(/usr/share/texmf-dist/tex/context/base/mkii/supp-pdf.mkii
[Loading MPS to PDF converter (version 2006.09.02).]
\scratchcounter=\count107
\scratchdimen=\dimen124
\scratchbox=\box30
\nofMPsegments=\count108
\nofMParguments=\count109
\everyMPshowfont=\toks27
\MPscratchCnt=\count110
\MPscratchDim=\dimen125
\MPnumerator=\count111
\makeMPintoPDFobject=\count112
\everyMPtoPDFconversion=\toks28
) (/usr/share/texmf-dist/tex/latex/oberdiek/epstopdf-base.sty
Package: epstopdf-base 2016/05/15 v2.6 Base part for package epstopdf

(/usr/share/texmf-dist/tex/generic/oberdiek/infwarerr.sty
Package: infwarerr 2016/05/16 v1.4 Providing info/warning/error messages (HO)
)
(/usr/share/texmf-dist/tex/latex/oberdiek/grfext.sty
Package: grfext 2016/05/16 v1.2 Manage graphics extensions (HO)

(/usr/share/texmf-dist/tex/generic/oberdiek/kvdefinekeys.sty
Package: kvdefinekeys 2016/05/16 v1.4 Define keys (HO)

(/usr/share/texmf-dist/tex/generic/oberdiek/ltxcmds.sty
Package: ltxcmds 2016/05/16 v1.23 LaTeX kernel commands for general use (HO)
)))
(/usr/share/texmf-dist/tex/latex/oberdiek/kvoptions.sty
Package: kvoptions 2016/05/16 v3.12 Key value format for package options (HO)

(/usr/share/texmf-dist/tex/generic/oberdiek/kvsetkeys.sty
Package: kvsetkeys 2016/05/16 v1.17 Key value parser (HO)

(/usr/share/texmf-dist/tex/generic/oberdiek/etexcmds.sty
Package: etexcmds 2016/05/16 v1.6 Avoid name clashes with e-TeX commands (HO)

(/usr/share/texmf-dist/tex/generic/oberdiek/ifluatex.sty
Package: ifluatex 2016/05/16 v1.4 Provides the ifluatex switch (HO)
Package ifluatex Info: LuaTeX not detected.
)
Package etexcmds Info: Could not find \expanded.
(etexcmds)             That can mean that you are not using pdfTeX 1.50 or
(etexcmds)             that some package has redefined \expanded.
(etexcmds)             In the latter case, load this package earlier.
)))
(/usr/share/texmf-dist/tex/generic/oberdiek/pdftexcmds.sty
Package: pdftexcmds 2018/09/10 v0.29 Utility functions of pdfTeX for LuaTeX (HO
)
Package pdftexcmds Info: LuaTeX not detected.
Package pdftexcmds Info: \pdf@primitive is available.
Package pdftexcmds Info: \pdf@ifprimitive is available.
Package pdftexcmds Info: \pdfdraftmode found.
)
Package epstopdf-base Info: Redefining graphics rule for `.eps' on input line 4
38.
Package grfext Info: Graphics extension search list:
(grfext)             [.pdf,.png,.jpg,.mps,.jpeg,.jbig2,.jb2,.PDF,.PNG,.JPG,.JPE
G,.JBIG2,.JB2,.eps]
(grfext)             \AppendGraphicsExtensions on input line 456.

(/usr/share/texmf-dist/tex/latex/latexconfig/epstopdf-sys.cfg
File: epstopdf-sys.cfg 2010/07/13 v1.3 Configuration of (r)epstopdf for TeX Liv
e
))
(./fsg-input.tex

LaTeX Warning: Reference `def:fsg-Lie' on page 1 undefined on input line 10.


Package amsfonts Warning: Obsolete command \Bbb; \mathbb should be used instead
 on input line 30.


LaTeX Warning: Reference `def:st' on page 1 undefined on input line 31.


Overfull \hbox (1.20139pt too wide) in paragraph at lines 26--32
[]\OT1/cmr/m/n/12 Finite sim-ple groups of Lie type are clas-si-fied by cer-tai
n data of the form $(\OML/cmm/m/it/12 D[]; ^^Z; p; e\OT1/cmr/m/n/12 )$
 []


LaTeX Warning: Reference `thm:classify' on page 1 undefined on input line 36.

[1{/var/lib/texmf/fonts/map/pdftex/updmap/pdftex.map}]

LaTeX Warning: Citation `wilson2009finite' on page 2 undefined on input line 50
.


LaTeX Warning: Citation `carter1985finite' on page 2 undefined on input line 56
.


LaTeX Warning: Citation `humphreys2012linear' on page 2 undefined on input line
 56.


Package Fancyhdr Warning: \footskip is too small (12.0pt): 
Make it at least 14.0pt.
We now make it that large for the rest of the document.
This may cause the page layout to be inconsistent, however.

[2]

LaTeX Warning: Citation `group-object' on page 3 undefined on input line 166.

[3] [4] [5]

LaTeX Warning: Citation `WA' on page 6 undefined on input line 279.


Overfull \hbox (10.24312pt too wide) in paragraph at lines 293--298
 \OT1/cmr/m/n/12 4.1.\OT1/cmr/bx/n/12 tori.[] \OT1/cmr/m/n/12 When $\OML/cmm/m/
it/12 n \OT1/cmr/m/n/12 = 1$, we also write $\U/msb/m/n/12 G[] \OT1/cmr/m/n/12 
= \OML/cmm/m/it/12 GL\OT1/cmr/m/n/12 (1)$. The co-or-di-nate ring is $\OML/cmm/
m/it/12 K\OT1/cmr/m/n/12 [\OML/cmm/m/it/12 t; u\OT1/cmr/m/n/12 ]\OML/cmm/m/it/1
2 =\OT1/cmr/m/n/12 (\OML/cmm/m/it/12 tu \OMS/cmsy/m/n/12 ^^@
 []

[6] [7] [8]

LaTeX Warning: Citation `Wiki' on page 9 undefined on input line 502.

[9] [10]
Overfull \hbox (40.21797pt too wide) in paragraph at lines 595--601
[]\OT1/cmr/m/n/12 The struc-ture the-ory of al-most sim-ple groups leads to a c
ol-lec-tion of data $(\OML/cmm/m/it/12 p; K; G; B; T; []\OT1/cmr/m/n/12 )$
 []

[11]

LaTeX Warning: Reference `def:st' on page 12 undefined on input line 634.


LaTeX Warning: Reference `thm:duplicate' on page 12 undefined on input line 665
.


LaTeX Warning: Citation `Wiki' on page 12 undefined on input line 677.

[12]

LaTeX Warning: Citation `wilson2009finite' on page 13 undefined on input line 7
08.


LaTeX Warning: Citation `wilson2009finite' on page 13 undefined on input line 7
13.


LaTeX Warning: Citation `robert1998twelve' on page 13 undefined on input line 7
26.


LaTeX Warning: Citation `wilson2009finite' on page 13 undefined on input line 7
27.


LaTeX Warning: Citation `wilson2009finite' on page 13 undefined on input line 7
32.

[13]

LaTeX Warning: Citation `A' on page 14 undefined on input line 747.

[14]

LaTeX Warning: Citation `robert1998twelve' on page 15 undefined on input line 7
93.


LaTeX Warning: Citation `wilson2009finite' on page 15 undefined on input line 7
98.


LaTeX Warning: Citation `wilson2009finite' on page 15 undefined on input line 8
03.


LaTeX Warning: Citation `P' on page 15 undefined on input line 818.


LaTeX Warning: Citation `wilson2009finite' on page 15 undefined on input line 8
19.


LaTeX Warning: Citation `robert1998twelve' on page 15 undefined on input line 8
24.


LaTeX Warning: Citation `robert1998twelve' on page 15 undefined on input line 8
28.


LaTeX Warning: Citation `wilson2009finite' on page 15 undefined on input line 8
29.


LaTeX Warning: Citation `VOA' on page 15 undefined on input line 830.


LaTeX Warning: Citation `JNB' on page 15 undefined on input line 834.


LaTeX Warning: Citation `P' on page 15 undefined on input line 834.

[15]

LaTeX Warning: Citation `AM' on page 16 undefined on input line 888.


LaTeX Warning: Citation `wilson2009finite' on page 16 undefined on input line 8
90.


LaTeX Warning: Citation `wilson2009finite' on page 16 undefined on input line 8
92.

[16]

LaTeX Warning: Citation `wilson2009finite' on page 17 undefined on input line 9
07.


LaTeX Warning: Citation `wilson2009finite' on page 17 undefined on input line 9
16.


LaTeX Warning: Citation `Ga' on page 17 undefined on input line 932.


LaTeX Warning: Citation `wilson2009finite' on page 17 undefined on input line 9
32.


LaTeX Warning: Citation `wilson2009finite' on page 17 undefined on input line 9
38.


LaTeX Warning: Citation `wilson2009finite' on page 17 undefined on input line 9
47.


LaTeX Warning: Citation `wilson2009finite' on page 17 undefined on input line 9
57.


LaTeX Warning: Citation `robert1998twelve' on page 17 undefined on input line 9
58.


LaTeX Warning: Citation `robert1998twelve' on page 17 undefined on input line 9
64.

[17]

LaTeX Warning: Citation `robert1998twelve' on page 18 undefined on input line 9
74.


LaTeX Warning: Citation `robert1998twelve' on page 18 undefined on input line 9
82.


LaTeX Warning: Citation `robert1998twelve' on page 18 undefined on input line 9
84.


Overfull \hbox (1.03917pt too wide) in paragraph at lines 986--989
[]\OT1/cmr/m/n/12 For ev-ery el-e-men-tary sub-group $\OML/cmm/m/it/12 E$ \OT1/
cmr/m/n/12 of $\OML/cmm/m/it/12 G$\OT1/cmr/m/n/12 , we have $\OML/cmm/m/it/12 N
[]\OT1/cmr/m/n/12 (\OML/cmm/m/it/12 E\OT1/cmr/m/n/12 )\OML/cmm/m/it/12 =C[]\OT1
/cmr/m/n/12 (\OML/cmm/m/it/12 E\OT1/cmr/m/n/12 ) \OMS/cmsy/m/n/12 ' \OML/cmm/m/
it/12 GL\OT1/cmr/m/n/12 (\OML/cmm/m/it/12 E\OT1/cmr/m/n/12 )$. 
 []


LaTeX Warning: Citation `robert1998twelve' on page 18 undefined on input line 1
002.


LaTeX Warning: Citation `robert1998twelve' on page 18 undefined on input line 1
008.


LaTeX Warning: Citation `L' on page 18 undefined on input line 1018.


LaTeX Warning: Citation `aschbacher1994sporadic' on page 18 undefined on input 
line 1026.


LaTeX Warning: Citation `carter1985finite' on page 18 undefined on input line 1
026.

)
No file fsg.bbl.
[18] [19] (./fsg.aux)

LaTeX Warning: There were undefined references.


LaTeX Warning: Label(s) may have changed. Rerun to get cross-references right.

 ) 
Here is how much of TeX's memory you used:
 3546 strings out of 492616
 44994 string characters out of 6135178
 122253 words of memory out of 5000000
 7247 multiletter control sequences out of 15000+600000
 12108 words of font info for 47 fonts, out of 8000000 for 9000
 1302 hyphenation exceptions out of 8191
 41i,11n,43p,340b,348s stack positions out of 5000i,500n,10000p,200000b,80000s
</usr/share/texmf-dist/fonts/type1/public/amsfonts/cm/cmbx12.pfb></usr/share/
texmf-dist/fonts/type1/public/amsfonts/cm/cmcsc10.pfb></usr/share/texmf-dist/fo
nts/type1/public/amsfonts/cm/cmex10.pfb></usr/share/texmf-dist/fonts/type1/publ
ic/amsfonts/cm/cmmi12.pfb></usr/share/texmf-dist/fonts/type1/public/amsfonts/cm
/cmmi6.pfb></usr/share/texmf-dist/fonts/type1/public/amsfonts/cm/cmmi8.pfb></us
r/share/texmf-dist/fonts/type1/public/amsfonts/cm/cmr12.pfb></usr/share/texmf-d
ist/fonts/type1/public/amsfonts/cm/cmr6.pfb></usr/share/texmf-dist/fonts/type1/
public/amsfonts/cm/cmr8.pfb></usr/share/texmf-dist/fonts/type1/public/amsfonts/
cm/cmr9.pfb></usr/share/texmf-dist/fonts/type1/public/amsfonts/cm/cmsy10.pfb></
usr/share/texmf-dist/fonts/type1/public/amsfonts/cm/cmsy6.pfb></usr/share/texmf
-dist/fonts/type1/public/amsfonts/cm/cmsy8.pfb></usr/share/texmf-dist/fonts/typ
e1/public/amsfonts/cm/cmti12.pfb></usr/share/texmf-dist/fonts/type1/public/amsf
onts/cm/cmtt12.pfb></usr/share/texmf-dist/fonts/type1/public/amsfonts/symbols/m
sbm10.pfb>
Output written on fsg.pdf (19 pages, 224232 bytes).
PDF statistics:
 130 PDF objects out of 1000 (max. 8388607)
 92 compressed objects within 1 object stream
 0 named destinations out of 1000 (max. 500000)
 1 words of extra memory for PDF output out of 10000 (max. 10000000)

